{
  "RSpec": {
    "coverage": {
      "/home/sergey/Projects/warehouse/spec/queries/product_move_spec.rb": {
        "lines": [
          1,
          null,
          1,
          3,
          null,
          1,
          1,
          null,
          1,
          null,
          null,
          1,
          1,
          null,
          1,
          null,
          null
        ]
      },
      "/home/sergey/Projects/warehouse/app/queries/product_move.rb": {
        "lines": [
          1,
          1,
          null,
          1,
          4,
          null,
          null,
          1,
          4,
          4,
          null,
          null
        ]
      },
      "/home/sergey/Projects/warehouse/spec/queries/products_availability_spec.rb": {
        "lines": [
          1,
          null,
          1,
          4,
          4,
          4,
          4,
          4,
          null,
          1,
          3,
          null,
          null,
          null,
          3,
          null,
          null,
          null,
          3,
          null,
          null,
          null,
          3,
          null,
          null,
          null,
          3,
          null,
          null,
          null,
          3,
          null,
          null,
          null,
          3,
          null,
          null,
          null,
          3,
          null,
          null,
          null,
          3,
          null,
          null,
          null,
          3,
          null,
          null,
          null,
          null,
          null,
          1,
          1,
          null,
          1,
          null,
          null,
          null,
          null,
          null,
          1,
          1,
          null,
          1,
          null,
          null,
          null,
          1,
          1,
          null,
          1,
          null,
          null,
          null,
          null,
          null
        ]
      },
      "/home/sergey/Projects/warehouse/app/queries/products_availability.rb": {
        "lines": [
          1,
          1,
          null,
          1,
          6,
          null,
          null,
          1,
          6,
          6,
          6,
          6,
          6,
          6,
          null,
          null,
          1,
          null,
          1,
          6,
          null,
          null,
          1,
          6,
          null,
          null,
          1,
          6,
          10,
          10,
          10,
          10,
          24,
          24,
          null,
          null,
          null,
          null
        ]
      },
      "/home/sergey/Projects/warehouse/app/models/location.rb": {
        "lines": [
          1,
          1,
          null,
          1,
          null
        ]
      },
      "/home/sergey/Projects/warehouse/app/models/application_record.rb": {
        "lines": [
          1,
          1,
          null
        ]
      },
      "/home/sergey/Projects/warehouse/spec/models/product_spec.rb": {
        "lines": [
          1,
          null,
          1,
          2,
          null,
          2,
          2,
          2,
          null
        ]
      },
      "/home/sergey/Projects/warehouse/app/models/product.rb": {
        "lines": [
          1,
          1,
          null,
          1,
          null
        ]
      },
      "/home/sergey/Projects/warehouse/spec/models/products_movement_spec.rb": {
        "lines": [
          1,
          null,
          1,
          2,
          2,
          null,
          2,
          2,
          2,
          2,
          null
        ]
      },
      "/home/sergey/Projects/warehouse/app/models/products_movement.rb": {
        "lines": [
          1,
          1,
          1,
          null,
          1,
          null
        ]
      }
    },
    "timestamp": 1594802883
  }
}
